[0.100s] Invoking command in '/home/brunofarias/turtlebot3_ws/build/dynamixel_sdk': CMAKE_PREFIX_PATH=${CMAKE_PREFIX_PATH}:/home/brunofarias/turtlebot3_ws/install/turtlebot3_teleop:/home/brunofarias/turtlebot3_ws/install/turtlebot3_example:/home/brunofarias/turtlebot3_ws/install/pkg_laser:/opt/ros/galactic /usr/bin/cmake --build /home/brunofarias/turtlebot3_ws/build/dynamixel_sdk -- -j4 -l4
[0.741s] [100%] Built target dynamixel_sdk
[0.754s] Invoked command in '/home/brunofarias/turtlebot3_ws/build/dynamixel_sdk' returned '0': CMAKE_PREFIX_PATH=${CMAKE_PREFIX_PATH}:/home/brunofarias/turtlebot3_ws/install/turtlebot3_teleop:/home/brunofarias/turtlebot3_ws/install/turtlebot3_example:/home/brunofarias/turtlebot3_ws/install/pkg_laser:/opt/ros/galactic /usr/bin/cmake --build /home/brunofarias/turtlebot3_ws/build/dynamixel_sdk -- -j4 -l4
[0.803s] Invoking command in '/home/brunofarias/turtlebot3_ws/build/dynamixel_sdk': CMAKE_PREFIX_PATH=${CMAKE_PREFIX_PATH}:/home/brunofarias/turtlebot3_ws/install/turtlebot3_teleop:/home/brunofarias/turtlebot3_ws/install/turtlebot3_example:/home/brunofarias/turtlebot3_ws/install/pkg_laser:/opt/ros/galactic /usr/bin/cmake --install /home/brunofarias/turtlebot3_ws/build/dynamixel_sdk
[0.812s] -- Install configuration: ""
[0.813s] -- Execute custom install script
[0.827s] -- Up-to-date symlink: /home/brunofarias/turtlebot3_ws/install/dynamixel_sdk/include//dynamixel_sdk/dynamixel_sdk.h
[0.836s] -- Up-to-date symlink: /home/brunofarias/turtlebot3_ws/install/dynamixel_sdk/include//dynamixel_sdk/group_bulk_read.h
[0.842s] -- Up-to-date symlink: /home/brunofarias/turtlebot3_ws/install/dynamixel_sdk/include//dynamixel_sdk/group_bulk_write.h
[0.844s] -- Up-to-date symlink: /home/brunofarias/turtlebot3_ws/install/dynamixel_sdk/include//dynamixel_sdk/group_sync_read.h
[0.845s] -- Up-to-date symlink: /home/brunofarias/turtlebot3_ws/install/dynamixel_sdk/include//dynamixel_sdk/group_sync_write.h
[0.845s] -- Up-to-date symlink: /home/brunofarias/turtlebot3_ws/install/dynamixel_sdk/include//dynamixel_sdk/packet_handler.h
[0.846s] -- Up-to-date symlink: /home/brunofarias/turtlebot3_ws/install/dynamixel_sdk/include//dynamixel_sdk/port_handler.h
[0.859s] -- Up-to-date symlink: /home/brunofarias/turtlebot3_ws/install/dynamixel_sdk/include//dynamixel_sdk/port_handler_arduino.h
[0.860s] -- Up-to-date symlink: /home/brunofarias/turtlebot3_ws/install/dynamixel_sdk/include//dynamixel_sdk/port_handler_linux.h
[0.862s] -- Up-to-date symlink: /home/brunofarias/turtlebot3_ws/install/dynamixel_sdk/include//dynamixel_sdk/port_handler_mac.h
[0.866s] -- Up-to-date symlink: /home/brunofarias/turtlebot3_ws/install/dynamixel_sdk/include//dynamixel_sdk/port_handler_windows.h
[0.869s] -- Up-to-date symlink: /home/brunofarias/turtlebot3_ws/install/dynamixel_sdk/include//dynamixel_sdk/protocol1_packet_handler.h
[0.870s] -- Up-to-date symlink: /home/brunofarias/turtlebot3_ws/install/dynamixel_sdk/include//dynamixel_sdk/protocol2_packet_handler.h
[0.873s] -- Up-to-date symlink: /home/brunofarias/turtlebot3_ws/install/dynamixel_sdk/lib/libdynamixel_sdk.so
[0.874s] -- Up-to-date symlink: /home/brunofarias/turtlebot3_ws/install/dynamixel_sdk/share/dynamixel_sdk/environment/library_path.sh
[0.875s] -- Up-to-date symlink: /home/brunofarias/turtlebot3_ws/install/dynamixel_sdk/share/dynamixel_sdk/environment/library_path.dsv
[0.876s] -- Up-to-date symlink: /home/brunofarias/turtlebot3_ws/install/dynamixel_sdk/share/ament_index/resource_index/package_run_dependencies/dynamixel_sdk
[0.904s] -- Up-to-date symlink: /home/brunofarias/turtlebot3_ws/install/dynamixel_sdk/share/ament_index/resource_index/parent_prefix_path/dynamixel_sdk
[0.905s] -- Up-to-date symlink: /home/brunofarias/turtlebot3_ws/install/dynamixel_sdk/share/dynamixel_sdk/environment/ament_prefix_path.sh
[0.905s] -- Up-to-date symlink: /home/brunofarias/turtlebot3_ws/install/dynamixel_sdk/share/dynamixel_sdk/environment/ament_prefix_path.dsv
[0.907s] -- Up-to-date symlink: /home/brunofarias/turtlebot3_ws/install/dynamixel_sdk/share/dynamixel_sdk/environment/path.sh
[0.907s] -- Up-to-date symlink: /home/brunofarias/turtlebot3_ws/install/dynamixel_sdk/share/dynamixel_sdk/environment/path.dsv
[0.907s] -- Up-to-date symlink: /home/brunofarias/turtlebot3_ws/install/dynamixel_sdk/share/dynamixel_sdk/local_setup.bash
[0.908s] -- Up-to-date symlink: /home/brunofarias/turtlebot3_ws/install/dynamixel_sdk/share/dynamixel_sdk/local_setup.sh
[0.929s] -- Up-to-date symlink: /home/brunofarias/turtlebot3_ws/install/dynamixel_sdk/share/dynamixel_sdk/local_setup.zsh
[0.930s] -- Up-to-date symlink: /home/brunofarias/turtlebot3_ws/install/dynamixel_sdk/share/dynamixel_sdk/local_setup.dsv
[0.930s] -- Symlinking: /home/brunofarias/turtlebot3_ws/install/dynamixel_sdk/share/dynamixel_sdk/package.dsv
[0.939s] -- Up-to-date symlink: /home/brunofarias/turtlebot3_ws/install/dynamixel_sdk/share/ament_index/resource_index/packages/dynamixel_sdk
[0.951s] -- Up-to-date symlink: /home/brunofarias/turtlebot3_ws/install/dynamixel_sdk/share/dynamixel_sdk/cmake/ament_cmake_export_include_directories-extras.cmake
[0.959s] -- Up-to-date symlink: /home/brunofarias/turtlebot3_ws/install/dynamixel_sdk/share/dynamixel_sdk/cmake/ament_cmake_export_libraries-extras.cmake
[0.960s] -- Up-to-date symlink: /home/brunofarias/turtlebot3_ws/install/dynamixel_sdk/share/dynamixel_sdk/cmake/dynamixel_sdkConfig.cmake
[0.962s] -- Up-to-date symlink: /home/brunofarias/turtlebot3_ws/install/dynamixel_sdk/share/dynamixel_sdk/cmake/dynamixel_sdkConfig-version.cmake
[0.962s] -- Up-to-date symlink: /home/brunofarias/turtlebot3_ws/install/dynamixel_sdk/share/dynamixel_sdk/package.xml
[0.964s] Invoked command in '/home/brunofarias/turtlebot3_ws/build/dynamixel_sdk' returned '0': CMAKE_PREFIX_PATH=${CMAKE_PREFIX_PATH}:/home/brunofarias/turtlebot3_ws/install/turtlebot3_teleop:/home/brunofarias/turtlebot3_ws/install/turtlebot3_example:/home/brunofarias/turtlebot3_ws/install/pkg_laser:/opt/ros/galactic /usr/bin/cmake --install /home/brunofarias/turtlebot3_ws/build/dynamixel_sdk
