[0.836s] Invoking command in '/home/brunofarias/turtlebot3_ws/build/turtlebot3_teleop': PYTHONPATH=/home/brunofarias/turtlebot3_ws/install/turtlebot3_teleop/lib/python3.8/site-packages:${PYTHONPATH} /usr/bin/python3 setup.py develop --prefix /home/brunofarias/turtlebot3_ws/install/turtlebot3_teleop --uninstall --editable --build-directory /home/brunofarias/turtlebot3_ws/build/turtlebot3_teleop/build
[1.136s] running develop
[1.328s] Invoked command in '/home/brunofarias/turtlebot3_ws/build/turtlebot3_teleop' returned '0': PYTHONPATH=/home/brunofarias/turtlebot3_ws/install/turtlebot3_teleop/lib/python3.8/site-packages:${PYTHONPATH} /usr/bin/python3 setup.py develop --prefix /home/brunofarias/turtlebot3_ws/install/turtlebot3_teleop --uninstall --editable --build-directory /home/brunofarias/turtlebot3_ws/build/turtlebot3_teleop/build
[1.329s] Invoking command in '/home/brunofarias/turtlebot3_ws/src/turtlebot3/turtlebot3/turtlebot3_teleop': PYTHONPATH=/home/brunofarias/turtlebot3_ws/install/turtlebot3_teleop/lib/python3.8/site-packages:${PYTHONPATH} /usr/bin/python3 setup.py egg_info --egg-base ../../../../build/turtlebot3_teleop build --build-base /home/brunofarias/turtlebot3_ws/build/turtlebot3_teleop/build install --prefix /home/brunofarias/turtlebot3_ws/install/turtlebot3_teleop --record /home/brunofarias/turtlebot3_ws/build/turtlebot3_teleop/install.log --single-version-externally-managed
[1.599s] running egg_info
[1.599s] writing ../../../../build/turtlebot3_teleop/turtlebot3_teleop.egg-info/PKG-INFO
[1.599s] writing dependency_links to ../../../../build/turtlebot3_teleop/turtlebot3_teleop.egg-info/dependency_links.txt
[1.599s] writing entry points to ../../../../build/turtlebot3_teleop/turtlebot3_teleop.egg-info/entry_points.txt
[1.599s] writing requirements to ../../../../build/turtlebot3_teleop/turtlebot3_teleop.egg-info/requires.txt
[1.599s] writing top-level names to ../../../../build/turtlebot3_teleop/turtlebot3_teleop.egg-info/top_level.txt
[1.633s] reading manifest file '../../../../build/turtlebot3_teleop/turtlebot3_teleop.egg-info/SOURCES.txt'
[1.634s] writing manifest file '../../../../build/turtlebot3_teleop/turtlebot3_teleop.egg-info/SOURCES.txt'
[1.634s] running build
[1.634s] running build_py
[1.634s] running install
[1.636s] running install_lib
[1.638s] running install_data
[1.638s] running install_egg_info
[1.639s] removing '/home/brunofarias/turtlebot3_ws/install/turtlebot3_teleop/lib/python3.8/site-packages/turtlebot3_teleop-2.1.4-py3.8.egg-info' (and everything under it)
[1.639s] Copying ../../../../build/turtlebot3_teleop/turtlebot3_teleop.egg-info to /home/brunofarias/turtlebot3_ws/install/turtlebot3_teleop/lib/python3.8/site-packages/turtlebot3_teleop-2.1.4-py3.8.egg-info
[1.640s] running install_scripts
[1.660s] Installing teleop_keyboard script to /home/brunofarias/turtlebot3_ws/install/turtlebot3_teleop/lib/turtlebot3_teleop
[1.660s] writing list of installed files to '/home/brunofarias/turtlebot3_ws/build/turtlebot3_teleop/install.log'
[1.709s] Invoked command in '/home/brunofarias/turtlebot3_ws/src/turtlebot3/turtlebot3/turtlebot3_teleop' returned '0': PYTHONPATH=/home/brunofarias/turtlebot3_ws/install/turtlebot3_teleop/lib/python3.8/site-packages:${PYTHONPATH} /usr/bin/python3 setup.py egg_info --egg-base ../../../../build/turtlebot3_teleop build --build-base /home/brunofarias/turtlebot3_ws/build/turtlebot3_teleop/build install --prefix /home/brunofarias/turtlebot3_ws/install/turtlebot3_teleop --record /home/brunofarias/turtlebot3_ws/build/turtlebot3_teleop/install.log --single-version-externally-managed
