[0.055s] Invoking command in '/home/brunofarias/turtlebot3_ws/build/turtlebot3_navigation2': CMAKE_PREFIX_PATH=${CMAKE_PREFIX_PATH}:/home/brunofarias/turtlebot3_ws/install/turtlebot3_teleop:/home/brunofarias/turtlebot3_ws/install/turtlebot3_example:/home/brunofarias/turtlebot3_ws/install/pkg_laser:/opt/ros/galactic /usr/bin/cmake --build /home/brunofarias/turtlebot3_ws/build/turtlebot3_navigation2 -- -j4 -l4
[0.173s] Invoked command in '/home/brunofarias/turtlebot3_ws/build/turtlebot3_navigation2' returned '0': CMAKE_PREFIX_PATH=${CMAKE_PREFIX_PATH}:/home/brunofarias/turtlebot3_ws/install/turtlebot3_teleop:/home/brunofarias/turtlebot3_ws/install/turtlebot3_example:/home/brunofarias/turtlebot3_ws/install/pkg_laser:/opt/ros/galactic /usr/bin/cmake --build /home/brunofarias/turtlebot3_ws/build/turtlebot3_navigation2 -- -j4 -l4
[0.256s] Invoking command in '/home/brunofarias/turtlebot3_ws/build/turtlebot3_navigation2': CMAKE_PREFIX_PATH=${CMAKE_PREFIX_PATH}:/home/brunofarias/turtlebot3_ws/install/turtlebot3_teleop:/home/brunofarias/turtlebot3_ws/install/turtlebot3_example:/home/brunofarias/turtlebot3_ws/install/pkg_laser:/opt/ros/galactic /usr/bin/cmake --install /home/brunofarias/turtlebot3_ws/build/turtlebot3_navigation2
[0.275s] -- Install configuration: ""
[0.275s] -- Execute custom install script
[0.276s] -- Up-to-date symlink: /home/brunofarias/turtlebot3_ws/install/turtlebot3_navigation2/share/turtlebot3_navigation2/launch/navigation2.launch.py
[0.276s] -- Up-to-date symlink: /home/brunofarias/turtlebot3_ws/install/turtlebot3_navigation2/share/turtlebot3_navigation2/map/map.pgm
[0.276s] -- Up-to-date symlink: /home/brunofarias/turtlebot3_ws/install/turtlebot3_navigation2/share/turtlebot3_navigation2/map/map.yaml
[0.279s] -- Up-to-date symlink: /home/brunofarias/turtlebot3_ws/install/turtlebot3_navigation2/share/turtlebot3_navigation2/param/burger.yaml
[0.279s] -- Up-to-date symlink: /home/brunofarias/turtlebot3_ws/install/turtlebot3_navigation2/share/turtlebot3_navigation2/param/waffle.yaml
[0.279s] -- Up-to-date symlink: /home/brunofarias/turtlebot3_ws/install/turtlebot3_navigation2/share/turtlebot3_navigation2/param/waffle_pi.yaml
[0.279s] -- Up-to-date symlink: /home/brunofarias/turtlebot3_ws/install/turtlebot3_navigation2/share/turtlebot3_navigation2/rviz/tb3_navigation2.rviz
[0.279s] -- Up-to-date symlink: /home/brunofarias/turtlebot3_ws/install/turtlebot3_navigation2/share/ament_index/resource_index/package_run_dependencies/turtlebot3_navigation2
[0.279s] -- Up-to-date symlink: /home/brunofarias/turtlebot3_ws/install/turtlebot3_navigation2/share/ament_index/resource_index/parent_prefix_path/turtlebot3_navigation2
[0.280s] -- Up-to-date symlink: /home/brunofarias/turtlebot3_ws/install/turtlebot3_navigation2/share/turtlebot3_navigation2/environment/ament_prefix_path.sh
[0.280s] -- Up-to-date symlink: /home/brunofarias/turtlebot3_ws/install/turtlebot3_navigation2/share/turtlebot3_navigation2/environment/ament_prefix_path.dsv
[0.280s] -- Up-to-date symlink: /home/brunofarias/turtlebot3_ws/install/turtlebot3_navigation2/share/turtlebot3_navigation2/environment/path.sh
[0.281s] -- Up-to-date symlink: /home/brunofarias/turtlebot3_ws/install/turtlebot3_navigation2/share/turtlebot3_navigation2/environment/path.dsv
[0.281s] -- Up-to-date symlink: /home/brunofarias/turtlebot3_ws/install/turtlebot3_navigation2/share/turtlebot3_navigation2/local_setup.bash
[0.281s] -- Up-to-date symlink: /home/brunofarias/turtlebot3_ws/install/turtlebot3_navigation2/share/turtlebot3_navigation2/local_setup.sh
[0.282s] -- Up-to-date symlink: /home/brunofarias/turtlebot3_ws/install/turtlebot3_navigation2/share/turtlebot3_navigation2/local_setup.zsh
[0.282s] -- Up-to-date symlink: /home/brunofarias/turtlebot3_ws/install/turtlebot3_navigation2/share/turtlebot3_navigation2/local_setup.dsv
[0.283s] -- Symlinking: /home/brunofarias/turtlebot3_ws/install/turtlebot3_navigation2/share/turtlebot3_navigation2/package.dsv
[0.296s] -- Up-to-date symlink: /home/brunofarias/turtlebot3_ws/install/turtlebot3_navigation2/share/ament_index/resource_index/packages/turtlebot3_navigation2
[0.296s] -- Up-to-date symlink: /home/brunofarias/turtlebot3_ws/install/turtlebot3_navigation2/share/turtlebot3_navigation2/cmake/turtlebot3_navigation2Config.cmake
[0.296s] -- Up-to-date symlink: /home/brunofarias/turtlebot3_ws/install/turtlebot3_navigation2/share/turtlebot3_navigation2/cmake/turtlebot3_navigation2Config-version.cmake
[0.297s] -- Up-to-date symlink: /home/brunofarias/turtlebot3_ws/install/turtlebot3_navigation2/share/turtlebot3_navigation2/package.xml
[0.593s] Invoked command in '/home/brunofarias/turtlebot3_ws/build/turtlebot3_navigation2' returned '0': CMAKE_PREFIX_PATH=${CMAKE_PREFIX_PATH}:/home/brunofarias/turtlebot3_ws/install/turtlebot3_teleop:/home/brunofarias/turtlebot3_ws/install/turtlebot3_example:/home/brunofarias/turtlebot3_ws/install/pkg_laser:/opt/ros/galactic /usr/bin/cmake --install /home/brunofarias/turtlebot3_ws/build/turtlebot3_navigation2
