[1.954s] Invoking command in '/home/brunofarias/turtlebot3_ws/build/turtlebot3_teleop': PYTHONPATH=/home/brunofarias/turtlebot3_ws/install/turtlebot3_teleop/lib/python3.8/site-packages:${PYTHONPATH} /usr/bin/python3 setup.py develop --prefix /home/brunofarias/turtlebot3_ws/install/turtlebot3_teleop --uninstall --editable --build-directory /home/brunofarias/turtlebot3_ws/build/turtlebot3_teleop/build
[2.234s] running develop
[2.430s] Invoked command in '/home/brunofarias/turtlebot3_ws/build/turtlebot3_teleop' returned '0': PYTHONPATH=/home/brunofarias/turtlebot3_ws/install/turtlebot3_teleop/lib/python3.8/site-packages:${PYTHONPATH} /usr/bin/python3 setup.py develop --prefix /home/brunofarias/turtlebot3_ws/install/turtlebot3_teleop --uninstall --editable --build-directory /home/brunofarias/turtlebot3_ws/build/turtlebot3_teleop/build
[2.431s] Invoking command in '/home/brunofarias/turtlebot3_ws/src/turtlebot3/turtlebot3/turtlebot3_teleop': PYTHONPATH=/home/brunofarias/turtlebot3_ws/install/turtlebot3_teleop/lib/python3.8/site-packages:${PYTHONPATH} /usr/bin/python3 setup.py egg_info --egg-base ../../../../build/turtlebot3_teleop build --build-base /home/brunofarias/turtlebot3_ws/build/turtlebot3_teleop/build install --prefix /home/brunofarias/turtlebot3_ws/install/turtlebot3_teleop --record /home/brunofarias/turtlebot3_ws/build/turtlebot3_teleop/install.log --single-version-externally-managed
[2.685s] running egg_info
[2.685s] writing ../../../../build/turtlebot3_teleop/turtlebot3_teleop.egg-info/PKG-INFO
[2.687s] writing dependency_links to ../../../../build/turtlebot3_teleop/turtlebot3_teleop.egg-info/dependency_links.txt
[2.688s] writing entry points to ../../../../build/turtlebot3_teleop/turtlebot3_teleop.egg-info/entry_points.txt
[2.688s] writing requirements to ../../../../build/turtlebot3_teleop/turtlebot3_teleop.egg-info/requires.txt
[2.688s] writing top-level names to ../../../../build/turtlebot3_teleop/turtlebot3_teleop.egg-info/top_level.txt
[2.726s] reading manifest file '../../../../build/turtlebot3_teleop/turtlebot3_teleop.egg-info/SOURCES.txt'
[2.726s] writing manifest file '../../../../build/turtlebot3_teleop/turtlebot3_teleop.egg-info/SOURCES.txt'
[2.726s] running build
[2.726s] running build_py
[2.727s] running install
[2.728s] running install_lib
[2.729s] running install_data
[2.730s] running install_egg_info
[2.731s] removing '/home/brunofarias/turtlebot3_ws/install/turtlebot3_teleop/lib/python3.8/site-packages/turtlebot3_teleop-2.1.4-py3.8.egg-info' (and everything under it)
[2.738s] Copying ../../../../build/turtlebot3_teleop/turtlebot3_teleop.egg-info to /home/brunofarias/turtlebot3_ws/install/turtlebot3_teleop/lib/python3.8/site-packages/turtlebot3_teleop-2.1.4-py3.8.egg-info
[2.752s] running install_scripts
[2.786s] Installing teleop_keyboard script to /home/brunofarias/turtlebot3_ws/install/turtlebot3_teleop/lib/turtlebot3_teleop
[2.786s] writing list of installed files to '/home/brunofarias/turtlebot3_ws/build/turtlebot3_teleop/install.log'
[2.813s] Invoked command in '/home/brunofarias/turtlebot3_ws/src/turtlebot3/turtlebot3/turtlebot3_teleop' returned '0': PYTHONPATH=/home/brunofarias/turtlebot3_ws/install/turtlebot3_teleop/lib/python3.8/site-packages:${PYTHONPATH} /usr/bin/python3 setup.py egg_info --egg-base ../../../../build/turtlebot3_teleop build --build-base /home/brunofarias/turtlebot3_ws/build/turtlebot3_teleop/build install --prefix /home/brunofarias/turtlebot3_ws/install/turtlebot3_teleop --record /home/brunofarias/turtlebot3_ws/build/turtlebot3_teleop/install.log --single-version-externally-managed
