[0.049s] Invoking command in '/home/brunofarias/turtlebot3_ws/build/hls_lfcd_lds_driver': CMAKE_PREFIX_PATH=${CMAKE_PREFIX_PATH}:/home/brunofarias/turtlebot3_ws/install/turtlebot3_teleop:/home/brunofarias/turtlebot3_ws/install/turtlebot3_example:/home/brunofarias/turtlebot3_ws/install/pkg_laser:/opt/ros/galactic /usr/bin/cmake --build /home/brunofarias/turtlebot3_ws/build/hls_lfcd_lds_driver -- -j4 -l4
[0.173s] [100%] Built target hlds_laser_publisher
[0.193s] Invoked command in '/home/brunofarias/turtlebot3_ws/build/hls_lfcd_lds_driver' returned '0': CMAKE_PREFIX_PATH=${CMAKE_PREFIX_PATH}:/home/brunofarias/turtlebot3_ws/install/turtlebot3_teleop:/home/brunofarias/turtlebot3_ws/install/turtlebot3_example:/home/brunofarias/turtlebot3_ws/install/pkg_laser:/opt/ros/galactic /usr/bin/cmake --build /home/brunofarias/turtlebot3_ws/build/hls_lfcd_lds_driver -- -j4 -l4
[0.346s] Invoking command in '/home/brunofarias/turtlebot3_ws/build/hls_lfcd_lds_driver': CMAKE_PREFIX_PATH=${CMAKE_PREFIX_PATH}:/home/brunofarias/turtlebot3_ws/install/turtlebot3_teleop:/home/brunofarias/turtlebot3_ws/install/turtlebot3_example:/home/brunofarias/turtlebot3_ws/install/pkg_laser:/opt/ros/galactic /usr/bin/cmake --install /home/brunofarias/turtlebot3_ws/build/hls_lfcd_lds_driver
[0.359s] -- Install configuration: ""
[0.359s] -- Execute custom install script
[0.360s] -- Up-to-date symlink: /home/brunofarias/turtlebot3_ws/install/hls_lfcd_lds_driver/share/hls_lfcd_lds_driver/launch/hlds_laser.launch.py
[0.361s] -- Up-to-date symlink: /home/brunofarias/turtlebot3_ws/install/hls_lfcd_lds_driver/share/hls_lfcd_lds_driver/launch/view_hlds_laser.launch.py
[0.363s] -- Up-to-date symlink: /home/brunofarias/turtlebot3_ws/install/hls_lfcd_lds_driver/share/hls_lfcd_lds_driver/rviz/hlds_laser.rviz
[0.364s] -- Up-to-date symlink: /home/brunofarias/turtlebot3_ws/install/hls_lfcd_lds_driver/lib/hls_lfcd_lds_driver/hlds_laser_publisher
[0.364s] -- Up-to-date symlink: /home/brunofarias/turtlebot3_ws/install/hls_lfcd_lds_driver/share/ament_index/resource_index/package_run_dependencies/hls_lfcd_lds_driver
[0.365s] -- Up-to-date symlink: /home/brunofarias/turtlebot3_ws/install/hls_lfcd_lds_driver/share/ament_index/resource_index/parent_prefix_path/hls_lfcd_lds_driver
[0.365s] -- Up-to-date symlink: /home/brunofarias/turtlebot3_ws/install/hls_lfcd_lds_driver/share/hls_lfcd_lds_driver/environment/ament_prefix_path.sh
[0.365s] -- Up-to-date symlink: /home/brunofarias/turtlebot3_ws/install/hls_lfcd_lds_driver/share/hls_lfcd_lds_driver/environment/ament_prefix_path.dsv
[0.366s] -- Up-to-date symlink: /home/brunofarias/turtlebot3_ws/install/hls_lfcd_lds_driver/share/hls_lfcd_lds_driver/environment/path.sh
[0.367s] -- Up-to-date symlink: /home/brunofarias/turtlebot3_ws/install/hls_lfcd_lds_driver/share/hls_lfcd_lds_driver/environment/path.dsv
[0.367s] -- Up-to-date symlink: /home/brunofarias/turtlebot3_ws/install/hls_lfcd_lds_driver/share/hls_lfcd_lds_driver/local_setup.bash
[0.368s] -- Up-to-date symlink: /home/brunofarias/turtlebot3_ws/install/hls_lfcd_lds_driver/share/hls_lfcd_lds_driver/local_setup.sh
[0.369s] -- Up-to-date symlink: /home/brunofarias/turtlebot3_ws/install/hls_lfcd_lds_driver/share/hls_lfcd_lds_driver/local_setup.zsh
[0.370s] -- Up-to-date symlink: /home/brunofarias/turtlebot3_ws/install/hls_lfcd_lds_driver/share/hls_lfcd_lds_driver/local_setup.dsv
[0.370s] -- Symlinking: /home/brunofarias/turtlebot3_ws/install/hls_lfcd_lds_driver/share/hls_lfcd_lds_driver/package.dsv
[0.386s] -- Up-to-date symlink: /home/brunofarias/turtlebot3_ws/install/hls_lfcd_lds_driver/share/ament_index/resource_index/packages/hls_lfcd_lds_driver
[0.387s] -- Up-to-date symlink: /home/brunofarias/turtlebot3_ws/install/hls_lfcd_lds_driver/share/hls_lfcd_lds_driver/cmake/ament_cmake_export_dependencies-extras.cmake
[0.387s] -- Up-to-date symlink: /home/brunofarias/turtlebot3_ws/install/hls_lfcd_lds_driver/share/hls_lfcd_lds_driver/cmake/ament_cmake_export_include_directories-extras.cmake
[0.387s] -- Up-to-date symlink: /home/brunofarias/turtlebot3_ws/install/hls_lfcd_lds_driver/share/hls_lfcd_lds_driver/cmake/hls_lfcd_lds_driverConfig.cmake
[0.387s] -- Up-to-date symlink: /home/brunofarias/turtlebot3_ws/install/hls_lfcd_lds_driver/share/hls_lfcd_lds_driver/cmake/hls_lfcd_lds_driverConfig-version.cmake
[0.388s] -- Up-to-date symlink: /home/brunofarias/turtlebot3_ws/install/hls_lfcd_lds_driver/share/hls_lfcd_lds_driver/package.xml
[0.442s] Invoked command in '/home/brunofarias/turtlebot3_ws/build/hls_lfcd_lds_driver' returned '0': CMAKE_PREFIX_PATH=${CMAKE_PREFIX_PATH}:/home/brunofarias/turtlebot3_ws/install/turtlebot3_teleop:/home/brunofarias/turtlebot3_ws/install/turtlebot3_example:/home/brunofarias/turtlebot3_ws/install/pkg_laser:/opt/ros/galactic /usr/bin/cmake --install /home/brunofarias/turtlebot3_ws/build/hls_lfcd_lds_driver
