[0.101s] Invoking command in '/home/brunofarias/turtlebot3_ws/build/dynamixel_sdk': CMAKE_PREFIX_PATH=${CMAKE_PREFIX_PATH}:/home/brunofarias/turtlebot3_ws/install/turtlebot3_teleop:/home/brunofarias/turtlebot3_ws/install/turtlebot3_example:/home/brunofarias/turtlebot3_ws/install/pkg_laser:/opt/ros/galactic /usr/bin/cmake --build /home/brunofarias/turtlebot3_ws/build/dynamixel_sdk -- -j4 -l4
[0.835s] [100%] Built target dynamixel_sdk
[0.847s] Invoked command in '/home/brunofarias/turtlebot3_ws/build/dynamixel_sdk' returned '0': CMAKE_PREFIX_PATH=${CMAKE_PREFIX_PATH}:/home/brunofarias/turtlebot3_ws/install/turtlebot3_teleop:/home/brunofarias/turtlebot3_ws/install/turtlebot3_example:/home/brunofarias/turtlebot3_ws/install/pkg_laser:/opt/ros/galactic /usr/bin/cmake --build /home/brunofarias/turtlebot3_ws/build/dynamixel_sdk -- -j4 -l4
[0.886s] Invoking command in '/home/brunofarias/turtlebot3_ws/build/dynamixel_sdk': CMAKE_PREFIX_PATH=${CMAKE_PREFIX_PATH}:/home/brunofarias/turtlebot3_ws/install/turtlebot3_teleop:/home/brunofarias/turtlebot3_ws/install/turtlebot3_example:/home/brunofarias/turtlebot3_ws/install/pkg_laser:/opt/ros/galactic /usr/bin/cmake --install /home/brunofarias/turtlebot3_ws/build/dynamixel_sdk
[0.898s] -- Install configuration: ""
[0.900s] -- Execute custom install script
[0.927s] -- Up-to-date symlink: /home/brunofarias/turtlebot3_ws/install/dynamixel_sdk/include//dynamixel_sdk/dynamixel_sdk.h
[0.935s] -- Up-to-date symlink: /home/brunofarias/turtlebot3_ws/install/dynamixel_sdk/include//dynamixel_sdk/group_bulk_read.h
[0.942s] -- Up-to-date symlink: /home/brunofarias/turtlebot3_ws/install/dynamixel_sdk/include//dynamixel_sdk/group_bulk_write.h
[0.950s] -- Up-to-date symlink: /home/brunofarias/turtlebot3_ws/install/dynamixel_sdk/include//dynamixel_sdk/group_sync_read.h
[0.952s] -- Up-to-date symlink: /home/brunofarias/turtlebot3_ws/install/dynamixel_sdk/include//dynamixel_sdk/group_sync_write.h
[0.966s] -- Up-to-date symlink: /home/brunofarias/turtlebot3_ws/install/dynamixel_sdk/include//dynamixel_sdk/packet_handler.h
[0.968s] -- Up-to-date symlink: /home/brunofarias/turtlebot3_ws/install/dynamixel_sdk/include//dynamixel_sdk/port_handler.h
[0.969s] -- Up-to-date symlink: /home/brunofarias/turtlebot3_ws/install/dynamixel_sdk/include//dynamixel_sdk/port_handler_arduino.h
[0.969s] -- Up-to-date symlink: /home/brunofarias/turtlebot3_ws/install/dynamixel_sdk/include//dynamixel_sdk/port_handler_linux.h
[0.970s] -- Up-to-date symlink: /home/brunofarias/turtlebot3_ws/install/dynamixel_sdk/include//dynamixel_sdk/port_handler_mac.h
[0.970s] -- Up-to-date symlink: /home/brunofarias/turtlebot3_ws/install/dynamixel_sdk/include//dynamixel_sdk/port_handler_windows.h
[0.971s] -- Up-to-date symlink: /home/brunofarias/turtlebot3_ws/install/dynamixel_sdk/include//dynamixel_sdk/protocol1_packet_handler.h
[0.976s] -- Up-to-date symlink: /home/brunofarias/turtlebot3_ws/install/dynamixel_sdk/include//dynamixel_sdk/protocol2_packet_handler.h
[0.978s] -- Up-to-date symlink: /home/brunofarias/turtlebot3_ws/install/dynamixel_sdk/lib/libdynamixel_sdk.so
[0.979s] -- Up-to-date symlink: /home/brunofarias/turtlebot3_ws/install/dynamixel_sdk/share/dynamixel_sdk/environment/library_path.sh
[0.979s] -- Up-to-date symlink: /home/brunofarias/turtlebot3_ws/install/dynamixel_sdk/share/dynamixel_sdk/environment/library_path.dsv
[0.980s] -- Up-to-date symlink: /home/brunofarias/turtlebot3_ws/install/dynamixel_sdk/share/ament_index/resource_index/package_run_dependencies/dynamixel_sdk
[1.014s] -- Up-to-date symlink: /home/brunofarias/turtlebot3_ws/install/dynamixel_sdk/share/ament_index/resource_index/parent_prefix_path/dynamixel_sdk
[1.022s] -- Up-to-date symlink: /home/brunofarias/turtlebot3_ws/install/dynamixel_sdk/share/dynamixel_sdk/environment/ament_prefix_path.sh
[1.022s] -- Up-to-date symlink: /home/brunofarias/turtlebot3_ws/install/dynamixel_sdk/share/dynamixel_sdk/environment/ament_prefix_path.dsv
[1.024s] -- Up-to-date symlink: /home/brunofarias/turtlebot3_ws/install/dynamixel_sdk/share/dynamixel_sdk/environment/path.sh
[1.025s] -- Up-to-date symlink: /home/brunofarias/turtlebot3_ws/install/dynamixel_sdk/share/dynamixel_sdk/environment/path.dsv
[1.026s] -- Up-to-date symlink: /home/brunofarias/turtlebot3_ws/install/dynamixel_sdk/share/dynamixel_sdk/local_setup.bash
[1.027s] -- Up-to-date symlink: /home/brunofarias/turtlebot3_ws/install/dynamixel_sdk/share/dynamixel_sdk/local_setup.sh
[1.029s] -- Up-to-date symlink: /home/brunofarias/turtlebot3_ws/install/dynamixel_sdk/share/dynamixel_sdk/local_setup.zsh
[1.030s] -- Up-to-date symlink: /home/brunofarias/turtlebot3_ws/install/dynamixel_sdk/share/dynamixel_sdk/local_setup.dsv
[1.030s] -- Symlinking: /home/brunofarias/turtlebot3_ws/install/dynamixel_sdk/share/dynamixel_sdk/package.dsv
[1.061s] -- Up-to-date symlink: /home/brunofarias/turtlebot3_ws/install/dynamixel_sdk/share/ament_index/resource_index/packages/dynamixel_sdk
[1.085s] -- Up-to-date symlink: /home/brunofarias/turtlebot3_ws/install/dynamixel_sdk/share/dynamixel_sdk/cmake/ament_cmake_export_include_directories-extras.cmake
[1.110s] -- Up-to-date symlink: /home/brunofarias/turtlebot3_ws/install/dynamixel_sdk/share/dynamixel_sdk/cmake/ament_cmake_export_libraries-extras.cmake
[1.110s] -- Up-to-date symlink: /home/brunofarias/turtlebot3_ws/install/dynamixel_sdk/share/dynamixel_sdk/cmake/dynamixel_sdkConfig.cmake
[1.113s] -- Up-to-date symlink: /home/brunofarias/turtlebot3_ws/install/dynamixel_sdk/share/dynamixel_sdk/cmake/dynamixel_sdkConfig-version.cmake
[1.113s] -- Up-to-date symlink: /home/brunofarias/turtlebot3_ws/install/dynamixel_sdk/share/dynamixel_sdk/package.xml
[1.115s] Invoked command in '/home/brunofarias/turtlebot3_ws/build/dynamixel_sdk' returned '0': CMAKE_PREFIX_PATH=${CMAKE_PREFIX_PATH}:/home/brunofarias/turtlebot3_ws/install/turtlebot3_teleop:/home/brunofarias/turtlebot3_ws/install/turtlebot3_example:/home/brunofarias/turtlebot3_ws/install/pkg_laser:/opt/ros/galactic /usr/bin/cmake --install /home/brunofarias/turtlebot3_ws/build/dynamixel_sdk
