[0.118s] Invoking command in '/home/brunofarias/turtlebot3_ws/build/turtlebot3_description': CMAKE_PREFIX_PATH=${CMAKE_PREFIX_PATH}:/home/brunofarias/turtlebot3_ws/install/turtlebot3_teleop:/home/brunofarias/turtlebot3_ws/install/turtlebot3_example:/home/brunofarias/turtlebot3_ws/install/pkg_laser:/opt/ros/galactic /usr/bin/cmake --build /home/brunofarias/turtlebot3_ws/build/turtlebot3_description -- -j4 -l4
[0.713s] Invoked command in '/home/brunofarias/turtlebot3_ws/build/turtlebot3_description' returned '0': CMAKE_PREFIX_PATH=${CMAKE_PREFIX_PATH}:/home/brunofarias/turtlebot3_ws/install/turtlebot3_teleop:/home/brunofarias/turtlebot3_ws/install/turtlebot3_example:/home/brunofarias/turtlebot3_ws/install/pkg_laser:/opt/ros/galactic /usr/bin/cmake --build /home/brunofarias/turtlebot3_ws/build/turtlebot3_description -- -j4 -l4
[0.746s] Invoking command in '/home/brunofarias/turtlebot3_ws/build/turtlebot3_description': CMAKE_PREFIX_PATH=${CMAKE_PREFIX_PATH}:/home/brunofarias/turtlebot3_ws/install/turtlebot3_teleop:/home/brunofarias/turtlebot3_ws/install/turtlebot3_example:/home/brunofarias/turtlebot3_ws/install/pkg_laser:/opt/ros/galactic /usr/bin/cmake --install /home/brunofarias/turtlebot3_ws/build/turtlebot3_description
[0.756s] -- Install configuration: ""
[0.831s] -- Execute custom install script
[0.912s] -- Up-to-date symlink: /home/brunofarias/turtlebot3_ws/install/turtlebot3_description/share/turtlebot3_description/meshes/bases/burger_base.stl
[0.946s] -- Up-to-date symlink: /home/brunofarias/turtlebot3_ws/install/turtlebot3_description/share/turtlebot3_description/meshes/bases/waffle_base.stl
[0.948s] -- Up-to-date symlink: /home/brunofarias/turtlebot3_ws/install/turtlebot3_description/share/turtlebot3_description/meshes/bases/waffle_pi_base.stl
[0.953s] -- Up-to-date symlink: /home/brunofarias/turtlebot3_ws/install/turtlebot3_description/share/turtlebot3_description/meshes/sensors/astra.dae
[0.953s] -- Up-to-date symlink: /home/brunofarias/turtlebot3_ws/install/turtlebot3_description/share/turtlebot3_description/meshes/sensors/astra.jpg
[0.955s] -- Up-to-date symlink: /home/brunofarias/turtlebot3_ws/install/turtlebot3_description/share/turtlebot3_description/meshes/sensors/lds.stl
[0.965s] -- Up-to-date symlink: /home/brunofarias/turtlebot3_ws/install/turtlebot3_description/share/turtlebot3_description/meshes/sensors/r200.dae
[0.966s] -- Up-to-date symlink: /home/brunofarias/turtlebot3_ws/install/turtlebot3_description/share/turtlebot3_description/meshes/sensors/r200.jpg
[0.967s] -- Up-to-date symlink: /home/brunofarias/turtlebot3_ws/install/turtlebot3_description/share/turtlebot3_description/meshes/wheels/left_tire.stl
[0.968s] -- Up-to-date symlink: /home/brunofarias/turtlebot3_ws/install/turtlebot3_description/share/turtlebot3_description/meshes/wheels/right_tire.stl
[0.978s] -- Up-to-date symlink: /home/brunofarias/turtlebot3_ws/install/turtlebot3_description/share/turtlebot3_description/rviz/model.rviz
[1.021s] -- Up-to-date symlink: /home/brunofarias/turtlebot3_ws/install/turtlebot3_description/share/turtlebot3_description/urdf/common_properties.urdf
[1.035s] -- Up-to-date symlink: /home/brunofarias/turtlebot3_ws/install/turtlebot3_description/share/turtlebot3_description/urdf/turtlebot3_burger.urdf
[1.080s] -- Up-to-date symlink: /home/brunofarias/turtlebot3_ws/install/turtlebot3_description/share/turtlebot3_description/urdf/turtlebot3_waffle.urdf
[1.089s] -- Up-to-date symlink: /home/brunofarias/turtlebot3_ws/install/turtlebot3_description/share/turtlebot3_description/urdf/turtlebot3_waffle_pi.urdf
[1.089s] -- Up-to-date symlink: /home/brunofarias/turtlebot3_ws/install/turtlebot3_description/share/ament_index/resource_index/package_run_dependencies/turtlebot3_description
[1.090s] -- Up-to-date symlink: /home/brunofarias/turtlebot3_ws/install/turtlebot3_description/share/ament_index/resource_index/parent_prefix_path/turtlebot3_description
[1.096s] -- Up-to-date symlink: /home/brunofarias/turtlebot3_ws/install/turtlebot3_description/share/turtlebot3_description/environment/ament_prefix_path.sh
[1.097s] -- Up-to-date symlink: /home/brunofarias/turtlebot3_ws/install/turtlebot3_description/share/turtlebot3_description/environment/ament_prefix_path.dsv
[1.098s] -- Up-to-date symlink: /home/brunofarias/turtlebot3_ws/install/turtlebot3_description/share/turtlebot3_description/environment/path.sh
[1.098s] -- Up-to-date symlink: /home/brunofarias/turtlebot3_ws/install/turtlebot3_description/share/turtlebot3_description/environment/path.dsv
[1.121s] -- Up-to-date symlink: /home/brunofarias/turtlebot3_ws/install/turtlebot3_description/share/turtlebot3_description/local_setup.bash
[1.130s] -- Up-to-date symlink: /home/brunofarias/turtlebot3_ws/install/turtlebot3_description/share/turtlebot3_description/local_setup.sh
[1.130s] -- Up-to-date symlink: /home/brunofarias/turtlebot3_ws/install/turtlebot3_description/share/turtlebot3_description/local_setup.zsh
[1.131s] -- Up-to-date symlink: /home/brunofarias/turtlebot3_ws/install/turtlebot3_description/share/turtlebot3_description/local_setup.dsv
[1.131s] -- Symlinking: /home/brunofarias/turtlebot3_ws/install/turtlebot3_description/share/turtlebot3_description/package.dsv
[1.146s] -- Up-to-date symlink: /home/brunofarias/turtlebot3_ws/install/turtlebot3_description/share/ament_index/resource_index/packages/turtlebot3_description
[1.146s] -- Up-to-date symlink: /home/brunofarias/turtlebot3_ws/install/turtlebot3_description/share/turtlebot3_description/cmake/turtlebot3_descriptionConfig.cmake
[1.147s] -- Up-to-date symlink: /home/brunofarias/turtlebot3_ws/install/turtlebot3_description/share/turtlebot3_description/cmake/turtlebot3_descriptionConfig-version.cmake
[1.147s] -- Up-to-date symlink: /home/brunofarias/turtlebot3_ws/install/turtlebot3_description/share/turtlebot3_description/package.xml
[1.408s] Invoked command in '/home/brunofarias/turtlebot3_ws/build/turtlebot3_description' returned '0': CMAKE_PREFIX_PATH=${CMAKE_PREFIX_PATH}:/home/brunofarias/turtlebot3_ws/install/turtlebot3_teleop:/home/brunofarias/turtlebot3_ws/install/turtlebot3_example:/home/brunofarias/turtlebot3_ws/install/pkg_laser:/opt/ros/galactic /usr/bin/cmake --install /home/brunofarias/turtlebot3_ws/build/turtlebot3_description
