[0.093s] Invoking command in '/home/brunofarias/turtlebot3_ws/build/dynamixel_sdk': CMAKE_PREFIX_PATH=${CMAKE_PREFIX_PATH}:/home/brunofarias/turtlebot3_ws/install/turtlebot3_teleop:/home/brunofarias/turtlebot3_ws/install/turtlebot3_example:/home/brunofarias/turtlebot3_ws/install/pkg_laser:/opt/ros/galactic /usr/bin/cmake --build /home/brunofarias/turtlebot3_ws/build/dynamixel_sdk -- -j4 -l4
[0.745s] [100%] Built target dynamixel_sdk
[0.757s] Invoked command in '/home/brunofarias/turtlebot3_ws/build/dynamixel_sdk' returned '0': CMAKE_PREFIX_PATH=${CMAKE_PREFIX_PATH}:/home/brunofarias/turtlebot3_ws/install/turtlebot3_teleop:/home/brunofarias/turtlebot3_ws/install/turtlebot3_example:/home/brunofarias/turtlebot3_ws/install/pkg_laser:/opt/ros/galactic /usr/bin/cmake --build /home/brunofarias/turtlebot3_ws/build/dynamixel_sdk -- -j4 -l4
[0.797s] Invoking command in '/home/brunofarias/turtlebot3_ws/build/dynamixel_sdk': CMAKE_PREFIX_PATH=${CMAKE_PREFIX_PATH}:/home/brunofarias/turtlebot3_ws/install/turtlebot3_teleop:/home/brunofarias/turtlebot3_ws/install/turtlebot3_example:/home/brunofarias/turtlebot3_ws/install/pkg_laser:/opt/ros/galactic /usr/bin/cmake --install /home/brunofarias/turtlebot3_ws/build/dynamixel_sdk
[0.814s] -- Install configuration: ""
[0.815s] -- Execute custom install script
[0.836s] -- Up-to-date symlink: /home/brunofarias/turtlebot3_ws/install/dynamixel_sdk/include//dynamixel_sdk/dynamixel_sdk.h
[0.853s] -- Up-to-date symlink: /home/brunofarias/turtlebot3_ws/install/dynamixel_sdk/include//dynamixel_sdk/group_bulk_read.h
[0.860s] -- Up-to-date symlink: /home/brunofarias/turtlebot3_ws/install/dynamixel_sdk/include//dynamixel_sdk/group_bulk_write.h
[0.862s] -- Up-to-date symlink: /home/brunofarias/turtlebot3_ws/install/dynamixel_sdk/include//dynamixel_sdk/group_sync_read.h
[0.862s] -- Up-to-date symlink: /home/brunofarias/turtlebot3_ws/install/dynamixel_sdk/include//dynamixel_sdk/group_sync_write.h
[0.863s] -- Up-to-date symlink: /home/brunofarias/turtlebot3_ws/install/dynamixel_sdk/include//dynamixel_sdk/packet_handler.h
[0.864s] -- Up-to-date symlink: /home/brunofarias/turtlebot3_ws/install/dynamixel_sdk/include//dynamixel_sdk/port_handler.h
[0.864s] -- Up-to-date symlink: /home/brunofarias/turtlebot3_ws/install/dynamixel_sdk/include//dynamixel_sdk/port_handler_arduino.h
[0.865s] -- Up-to-date symlink: /home/brunofarias/turtlebot3_ws/install/dynamixel_sdk/include//dynamixel_sdk/port_handler_linux.h
[0.865s] -- Up-to-date symlink: /home/brunofarias/turtlebot3_ws/install/dynamixel_sdk/include//dynamixel_sdk/port_handler_mac.h
[0.865s] -- Up-to-date symlink: /home/brunofarias/turtlebot3_ws/install/dynamixel_sdk/include//dynamixel_sdk/port_handler_windows.h
[0.877s] -- Up-to-date symlink: /home/brunofarias/turtlebot3_ws/install/dynamixel_sdk/include//dynamixel_sdk/protocol1_packet_handler.h
[0.885s] -- Up-to-date symlink: /home/brunofarias/turtlebot3_ws/install/dynamixel_sdk/include//dynamixel_sdk/protocol2_packet_handler.h
[0.888s] -- Up-to-date symlink: /home/brunofarias/turtlebot3_ws/install/dynamixel_sdk/lib/libdynamixel_sdk.so
[0.888s] -- Up-to-date symlink: /home/brunofarias/turtlebot3_ws/install/dynamixel_sdk/share/dynamixel_sdk/environment/library_path.sh
[0.889s] -- Up-to-date symlink: /home/brunofarias/turtlebot3_ws/install/dynamixel_sdk/share/dynamixel_sdk/environment/library_path.dsv
[0.889s] -- Up-to-date symlink: /home/brunofarias/turtlebot3_ws/install/dynamixel_sdk/share/ament_index/resource_index/package_run_dependencies/dynamixel_sdk
[0.905s] -- Up-to-date symlink: /home/brunofarias/turtlebot3_ws/install/dynamixel_sdk/share/ament_index/resource_index/parent_prefix_path/dynamixel_sdk
[0.914s] -- Up-to-date symlink: /home/brunofarias/turtlebot3_ws/install/dynamixel_sdk/share/dynamixel_sdk/environment/ament_prefix_path.sh
[0.914s] -- Up-to-date symlink: /home/brunofarias/turtlebot3_ws/install/dynamixel_sdk/share/dynamixel_sdk/environment/ament_prefix_path.dsv
[0.964s] -- Up-to-date symlink: /home/brunofarias/turtlebot3_ws/install/dynamixel_sdk/share/dynamixel_sdk/environment/path.sh
[0.964s] -- Up-to-date symlink: /home/brunofarias/turtlebot3_ws/install/dynamixel_sdk/share/dynamixel_sdk/environment/path.dsv
[0.964s] -- Up-to-date symlink: /home/brunofarias/turtlebot3_ws/install/dynamixel_sdk/share/dynamixel_sdk/local_setup.bash
[0.967s] -- Up-to-date symlink: /home/brunofarias/turtlebot3_ws/install/dynamixel_sdk/share/dynamixel_sdk/local_setup.sh
[0.967s] -- Up-to-date symlink: /home/brunofarias/turtlebot3_ws/install/dynamixel_sdk/share/dynamixel_sdk/local_setup.zsh
[0.967s] -- Up-to-date symlink: /home/brunofarias/turtlebot3_ws/install/dynamixel_sdk/share/dynamixel_sdk/local_setup.dsv
[0.968s] -- Symlinking: /home/brunofarias/turtlebot3_ws/install/dynamixel_sdk/share/dynamixel_sdk/package.dsv
[0.978s] -- Up-to-date symlink: /home/brunofarias/turtlebot3_ws/install/dynamixel_sdk/share/ament_index/resource_index/packages/dynamixel_sdk
[0.986s] -- Up-to-date symlink: /home/brunofarias/turtlebot3_ws/install/dynamixel_sdk/share/dynamixel_sdk/cmake/ament_cmake_export_include_directories-extras.cmake
[1.012s] -- Up-to-date symlink: /home/brunofarias/turtlebot3_ws/install/dynamixel_sdk/share/dynamixel_sdk/cmake/ament_cmake_export_libraries-extras.cmake
[1.014s] -- Up-to-date symlink: /home/brunofarias/turtlebot3_ws/install/dynamixel_sdk/share/dynamixel_sdk/cmake/dynamixel_sdkConfig.cmake
[1.016s] -- Up-to-date symlink: /home/brunofarias/turtlebot3_ws/install/dynamixel_sdk/share/dynamixel_sdk/cmake/dynamixel_sdkConfig-version.cmake
[1.017s] -- Up-to-date symlink: /home/brunofarias/turtlebot3_ws/install/dynamixel_sdk/share/dynamixel_sdk/package.xml
[1.023s] Invoked command in '/home/brunofarias/turtlebot3_ws/build/dynamixel_sdk' returned '0': CMAKE_PREFIX_PATH=${CMAKE_PREFIX_PATH}:/home/brunofarias/turtlebot3_ws/install/turtlebot3_teleop:/home/brunofarias/turtlebot3_ws/install/turtlebot3_example:/home/brunofarias/turtlebot3_ws/install/pkg_laser:/opt/ros/galactic /usr/bin/cmake --install /home/brunofarias/turtlebot3_ws/build/dynamixel_sdk
